[I 2021-08-29 15:15:25,467] Trial 99 finished with value: 0.7585089141004862 and parameters: {'num_leaves': 56, 'learning_rate': 0.027287231156819573, 'feature_fraction': 0.7470409758859329, 'bagging_fraction': 0.9656433609692393, 'max_depth': 12, 'max_bin': 80, 'min_sum_hessian_in_leaf': 33, 'subsample': 0.8}. Best is trial 55 with value: 0.7883683360258482.
