[I 2021-08-29 15:14:02,840] Trial 31 finished with value: 0.7614814814814814 and parameters: {'num_leaves': 34, 'learning_rate': 0.0028282834426256284, 'feature_fraction': 0.6982223363922369, 'bagging_fraction': 0.9676221829367463, 'max_depth': 27, 'max_bin': 39, 'min_sum_hessian_in_leaf': 34, 'subsample': 0.8}. Best is trial 26 with value: 0.7694566813509546.
[LightGBM] [Warning] min_sum_hessian_in_leaf is set=34, min_child_weight=0.001 will be ignored. Current value: min_sum_hessian_in_leaf=34
[LightGBM] [Warning] bagging_fraction is set=0.9857375324567487, subsample=0.9 will be ignored. Current value: bagging_fraction=0.9857375324567487
[I 2021-08-29 15:14:04,996] Trial 32 finished with value: 0.7702060221870047 and parameters: {'num_leaves': 37, 'learning_rate': 0.01205419606294483, 'feature_fraction': 0.5161793758321558, 'bagging_fraction': 0.9857375324567487, 'max_depth': 16, 'max_bin': 45, 'min_sum_hessian_in_leaf': 34, 'subsample': 0.9}. Best is trial 32 with value: 0.7702060221870047.
[LightGBM] [Warning] min_sum_hessian_in_leaf is set=47, min_child_weight=0.001 will be ignored. Current value: min_sum_hessian_in_leaf=47
[LightGBM] [Warning] bagging_fraction is set=0.9866191041626162, subsample=1.0 will be ignored. Current value: bagging_fraction=0.9866191041626162
[I 2021-08-29 15:14:06,306] Trial 33 finished with value: 0.7528641571194762 and parameters: {'num_leaves': 80, 'learning_rate': 0.037840269867429596, 'feature_fraction': 0.5183599583131198, 'bagging_fraction': 0.9866191041626162, 'max_depth': 16, 'max_bin': 37, 'min_sum_hessian_in_leaf': 47, 'subsample': 1.0}. Best is trial 32 with value: 0.7702060221870047.
[LightGBM] [Warning] min_sum_hessian_in_leaf is set=56, min_child_weight=0.001 will be ignored. Current value: min_sum_hessian_in_leaf=56
[LightGBM] [Warning] bagging_fraction is set=0.989435696843034, subsample=0.9 will be ignored. Current value: bagging_fraction=0.989435696843034
[I 2021-08-29 15:14:08,025] Trial 34 finished with value: 0.7411944869831547 and parameters: {'num_leaves': 31, 'learning_rate': 0.0032531939667627603, 'feature_fraction': 0.5877187279078027, 'bagging_fraction': 0.989435696843034, 'max_depth': 14, 'max_bin': 54, 'min_sum_hessian_in_leaf': 56, 'subsample': 0.9}. Best is trial 32 with value: 0.7702060221870047.
[LightGBM] [Warning] min_sum_hessian_in_leaf is set=37, min_child_weight=0.001 will be ignored. Current value: min_sum_hessian_in_leaf=37
[LightGBM] [Warning] bagging_fraction is set=0.9687075085699501, subsample=1.0 will be ignored. Current value: bagging_fraction=0.9687075085699501
[I 2021-08-29 15:14:09,730] Trial 35 finished with value: 0.7405475880052151 and parameters: {'num_leaves': 48, 'learning_rate': 0.0009037624507103724, 'feature_fraction': 0.7906779091843281, 'bagging_fraction': 0.9687075085699501, 'max_depth': 21, 'max_bin': 60, 'min_sum_hessian_in_leaf': 37, 'subsample': 1.0}. Best is trial 32 with value: 0.7702060221870047.
[LightGBM] [Warning] min_sum_hessian_in_leaf is set=45, min_child_weight=0.001 will be ignored. Current value: min_sum_hessian_in_leaf=45
[LightGBM] [Warning] bagging_fraction is set=0.9453210083420385, subsample=0.9 will be ignored. Current value: bagging_fraction=0.9453210083420385
[I 2021-08-29 15:14:11,190] Trial 36 finished with value: 0.6987399770904925 and parameters: {'num_leaves': 41, 'learning_rate': 0.00019967077095950434, 'feature_fraction': 0.43028585272926523, 'bagging_fraction': 0.9453210083420385, 'max_depth': 30, 'max_bin': 30, 'min_sum_hessian_in_leaf': 45, 'subsample': 0.9}. Best is trial 32 with value: 0.7702060221870047.
[LightGBM] [Warning] min_sum_hessian_in_leaf is set=11, min_child_weight=0.001 will be ignored. Current value: min_sum_hessian_in_leaf=11
[LightGBM] [Warning] bagging_fraction is set=0.9566067621751586, subsample=0.9 will be ignored. Current value: bagging_fraction=0.9566067621751586
[I 2021-08-29 15:14:12,789] Trial 37 finished with value: 0.7515723270440251 and parameters: {'num_leaves': 28, 'learning_rate': 0.007713348100285769, 'feature_fraction': 0.4974094013256035, 'bagging_fraction': 0.9566067621751586, 'max_depth': 16, 'max_bin': 73, 'min_sum_hessian_in_leaf': 11, 'subsample': 0.9}. Best is trial 32 with value: 0.7702060221870047.
[LightGBM] [Warning] min_sum_hessian_in_leaf is set=21, min_child_weight=0.001 will be ignored. Current value: min_sum_hessian_in_leaf=21
[LightGBM] [Warning] bagging_fraction is set=0.9269861376039661, subsample=0.7 will be ignored. Current value: bagging_fraction=0.9269861376039661
[I 2021-08-29 15:14:14,114] Trial 38 finished with value: 0.7514124293785311 and parameters: {'num_leaves': 45, 'learning_rate': 0.002178678838937164, 'feature_fraction': 0.3198098628535141, 'bagging_fraction': 0.9269861376039661, 'max_depth': 23, 'max_bin': 40, 'min_sum_hessian_in_leaf': 21, 'subsample': 0.7}. Best is trial 32 with value: 0.7702060221870047.
[LightGBM] [Warning] min_sum_hessian_in_leaf is set=35, min_child_weight=0.001 will be ignored. Current value: min_sum_hessian_in_leaf=35
[LightGBM] [Warning] bagging_fraction is set=0.8295675683591739, subsample=1.0 will be ignored. Current value: bagging_fraction=0.8295675683591739
[I 2021-08-29 15:14:15,385] Trial 39 finished with value: 0.6987399770904925 and parameters: {'num_leaves': 35, 'learning_rate': 0.00046386142648387885, 'feature_fraction': 0.8549554412698405, 'bagging_fraction': 0.8295675683591739, 'max_depth': 17, 'max_bin': 64, 'min_sum_hessian_in_leaf': 35, 'subsample': 1.0}. Best is trial 32 with value: 0.7702060221870047.
[LightGBM] [Warning] min_sum_hessian_in_leaf is set=100, min_child_weight=0.001 will be ignored. Current value: min_sum_hessian_in_leaf=100
[LightGBM] [Warning] bagging_fraction is set=0.9709051122521511, subsample=0.9 will be ignored. Current value: bagging_fraction=0.9709051122521511
[I 2021-08-29 15:14:16,283] Trial 40 finished with value: 0.7508090614886731 and parameters: {'num_leaves': 40, 'learning_rate': 0.031130895865698848, 'feature_fraction': 0.6400794148222333, 'bagging_fraction': 0.9709051122521511, 'max_depth': 13, 'max_bin': 51, 'min_sum_hessian_in_leaf': 100, 'subsample': 0.9}. Best is trial 32 with value: 0.7702060221870047.
[LightGBM] [Warning] min_sum_hessian_in_leaf is set=34, min_child_weight=0.001 will be ignored. Current value: min_sum_hessian_in_leaf=34
[LightGBM] [Warning] bagging_fraction is set=0.9907036578137953, subsample=0.8 will be ignored. Current value: bagging_fraction=0.9907036578137953
[I 2021-08-29 15:14:17,474] Trial 41 finished with value: 0.7608346709470305 and parameters: {'num_leaves': 36, 'learning_rate': 0.012379316593519587, 'feature_fraction': 0.4414689352932819, 'bagging_fraction': 0.9907036578137953, 'max_depth': 15, 'max_bin': 47, 'min_sum_hessian_in_leaf': 34, 'subsample': 0.8}. Best is trial 32 with value: 0.7702060221870047.
[LightGBM] [Warning] min_sum_hessian_in_leaf is set=54, min_child_weight=0.001 will be ignored. Current value: min_sum_hessian_in_leaf=54
[LightGBM] [Warning] bagging_fraction is set=0.8797625027596021, subsample=0.8 will be ignored. Current value: bagging_fraction=0.8797625027596021
[I 2021-08-29 15:14:18,404] Trial 42 finished with value: 0.7431192660550459 and parameters: {'num_leaves': 39, 'learning_rate': 0.003475858445490577, 'feature_fraction': 0.11655597205010088, 'bagging_fraction': 0.8797625027596021, 'max_depth': 19, 'max_bin': 44, 'min_sum_hessian_in_leaf': 54, 'subsample': 0.8}. Best is trial 32 with value: 0.7702060221870047.
[LightGBM] [Warning] min_sum_hessian_in_leaf is set=31, min_child_weight=0.001 will be ignored. Current value: min_sum_hessian_in_leaf=31
[LightGBM] [Warning] bagging_fraction is set=0.9463915684065134, subsample=0.7 will be ignored. Current value: bagging_fraction=0.9463915684065134
[I 2021-08-29 15:14:19,717] Trial 43 finished with value: 0.7611464968152866 and parameters: {'num_leaves': 44, 'learning_rate': 0.010778894468356916, 'feature_fraction': 0.48467393096430017, 'bagging_fraction': 0.9463915684065134, 'max_depth': 21, 'max_bin': 57, 'min_sum_hessian_in_leaf': 31, 'subsample': 0.7}. Best is trial 32 with value: 0.7702060221870047.
[LightGBM] [Warning] min_sum_hessian_in_leaf is set=3, min_child_weight=0.001 will be ignored. Current value: min_sum_hessian_in_leaf=3
[LightGBM] [Warning] bagging_fraction is set=0.9621754832204704, subsample=0.9 will be ignored. Current value: bagging_fraction=0.9621754832204704
[I 2021-08-29 15:14:21,270] Trial 44 finished with value: 0.7554858934169278 and parameters: {'num_leaves': 32, 'learning_rate': 0.008472745948805815, 'feature_fraction': 0.5541572507921101, 'bagging_fraction': 0.9621754832204704, 'max_depth': 9, 'max_bin': 46, 'min_sum_hessian_in_leaf': 3, 'subsample': 0.9}. Best is trial 32 with value: 0.7702060221870047.
[LightGBM] [Warning] min_sum_hessian_in_leaf is set=41, min_child_weight=0.001 will be ignored. Current value: min_sum_hessian_in_leaf=41
[LightGBM] [Warning] bagging_fraction is set=0.9770775895920939, subsample=0.8 will be ignored. Current value: bagging_fraction=0.9770775895920939
[I 2021-08-29 15:14:22,396] Trial 45 finished with value: 0.7684887459807075 and parameters: {'num_leaves': 38, 'learning_rate': 0.046707002427401785, 'feature_fraction': 0.6060877209129385, 'bagging_fraction': 0.9770775895920939, 'max_depth': 12, 'max_bin': 57, 'min_sum_hessian_in_leaf': 41, 'subsample': 0.8}. Best is trial 32 with value: 0.7702060221870047.
[LightGBM] [Warning] min_sum_hessian_in_leaf is set=44, min_child_weight=0.001 will be ignored. Current value: min_sum_hessian_in_leaf=44
[LightGBM] [Warning] bagging_fraction is set=0.9765970848137071, subsample=0.9 will be ignored. Current value: bagging_fraction=0.9765970848137071
[I 2021-08-29 15:14:23,538] Trial 46 finished with value: 0.7709677419354838 and parameters: {'num_leaves': 48, 'learning_rate': 0.04892211171654685, 'feature_fraction': 0.6155790317663555, 'bagging_fraction': 0.9765970848137071, 'max_depth': 11, 'max_bin': 66, 'min_sum_hessian_in_leaf': 44, 'subsample': 0.9}. Best is trial 46 with value: 0.7709677419354838.
[LightGBM] [Warning] min_sum_hessian_in_leaf is set=42, min_child_weight=0.001 will be ignored. Current value: min_sum_hessian_in_leaf=42
[LightGBM] [Warning] bagging_fraction is set=0.9750557660465085, subsample=0.8 will be ignored. Current value: bagging_fraction=0.9750557660465085
[I 2021-08-29 15:14:24,742] Trial 47 finished with value: 0.7682333873581846 and parameters: {'num_leaves': 49, 'learning_rate': 0.050678690610097554, 'feature_fraction': 0.6744757567458264, 'bagging_fraction': 0.9750557660465085, 'max_depth': 11, 'max_bin': 68, 'min_sum_hessian_in_leaf': 42, 'subsample': 0.8}. Best is trial 46 with value: 0.7709677419354838.
[LightGBM] [Warning] min_sum_hessian_in_leaf is set=42, min_child_weight=0.001 will be ignored. Current value: min_sum_hessian_in_leaf=42
[LightGBM] [Warning] bagging_fraction is set=0.993603871724165, subsample=0.8 will be ignored. Current value: bagging_fraction=0.993603871724165
[I 2021-08-29 15:14:25,854] Trial 48 finished with value: 0.7717041800643086 and parameters: {'num_leaves': 48, 'learning_rate': 0.05368649220685101, 'feature_fraction': 0.6179766446272633, 'bagging_fraction': 0.993603871724165, 'max_depth': 9, 'max_bin': 69, 'min_sum_hessian_in_leaf': 42, 'subsample': 0.8}. Best is trial 48 with value: 0.7717041800643086.
[LightGBM] [Warning] min_sum_hessian_in_leaf is set=65, min_child_weight=0.001 will be ignored. Current value: min_sum_hessian_in_leaf=65
[LightGBM] [Warning] bagging_fraction is set=0.9934594338890639, subsample=0.9 will be ignored. Current value: bagging_fraction=0.9934594338890639
[I 2021-08-29 15:14:26,850] Trial 49 finished with value: 0.7601957585644373 and parameters: {'num_leaves': 53, 'learning_rate': 0.09638173763991265, 'feature_fraction': 0.6133986608709265, 'bagging_fraction': 0.9934594338890639, 'max_depth': 9, 'max_bin': 79, 'min_sum_hessian_in_leaf': 65, 'subsample': 0.9}. Best is trial 48 with value: 0.7717041800643086.
[LightGBM] [Warning] min_sum_hessian_in_leaf is set=52, min_child_weight=0.001 will be ignored. Current value: min_sum_hessian_in_leaf=52
[LightGBM] [Warning] bagging_fraction is set=0.8016859378091724, subsample=0.7 will be ignored. Current value: bagging_fraction=0.8016859378091724
[I 2021-08-29 15:14:27,888] Trial 50 finished with value: 0.7540983606557377 and parameters: {'num_leaves': 56, 'learning_rate': 0.019757610103335797, 'feature_fraction': 0.6211483267433513, 'bagging_fraction': 0.8016859378091724, 'max_depth': 7, 'max_bin': 73, 'min_sum_hessian_in_leaf': 52, 'subsample': 0.7}. Best is trial 48 with value: 0.7717041800643086.
[LightGBM] [Warning] min_sum_hessian_in_leaf is set=40, min_child_weight=0.001 will be ignored. Current value: min_sum_hessian_in_leaf=40
[LightGBM] [Warning] bagging_fraction is set=0.9766589292176662, subsample=0.8 will be ignored. Current value: bagging_fraction=0.9766589292176662
[I 2021-08-29 15:14:29,168] Trial 51 finished with value: 0.7649918962722851 and parameters: {'num_leaves': 49, 'learning_rate': 0.057294011261222536, 'feature_fraction': 0.689857024157785, 'bagging_fraction': 0.9766589292176662, 'max_depth': 11, 'max_bin': 67, 'min_sum_hessian_in_leaf': 40, 'subsample': 0.8}. Best is trial 48 with value: 0.7717041800643086.
[LightGBM] [Warning] min_sum_hessian_in_leaf is set=45, min_child_weight=0.001 will be ignored. Current value: min_sum_hessian_in_leaf=45
[LightGBM] [Warning] bagging_fraction is set=0.999680780069116, subsample=0.8 will be ignored. Current value: bagging_fraction=0.999680780069116
[I 2021-08-29 15:14:30,426] Trial 52 finished with value: 0.7667210440456771 and parameters: {'num_leaves': 47, 'learning_rate': 0.05006892593117213, 'feature_fraction': 0.6483085820961887, 'bagging_fraction': 0.999680780069116, 'max_depth': 11, 'max_bin': 69, 'min_sum_hessian_in_leaf': 45, 'subsample': 0.8}. Best is trial 48 with value: 0.7717041800643086.
[LightGBM] [Warning] min_sum_hessian_in_leaf is set=41, min_child_weight=0.001 will be ignored. Current value: min_sum_hessian_in_leaf=41
[LightGBM] [Warning] bagging_fraction is set=0.9739588276723377, subsample=0.8 will be ignored. Current value: bagging_fraction=0.9739588276723377
[I 2021-08-29 15:14:31,765] Trial 53 finished with value: 0.7749196141479099 and parameters: {'num_leaves': 61, 'learning_rate': 0.048873429606824274, 'feature_fraction': 0.7178092961001135, 'bagging_fraction': 0.9739588276723377, 'max_depth': 7, 'max_bin': 64, 'min_sum_hessian_in_leaf': 41, 'subsample': 0.8}. Best is trial 53 with value: 0.7749196141479099.
[LightGBM] [Warning] min_sum_hessian_in_leaf is set=48, min_child_weight=0.001 will be ignored. Current value: min_sum_hessian_in_leaf=48
[LightGBM] [Warning] bagging_fraction is set=0.960678066969509, subsample=0.9 will be ignored. Current value: bagging_fraction=0.960678066969509
[I 2021-08-29 15:14:32,879] Trial 54 finished with value: 0.7609756097560977 and parameters: {'num_leaves': 68, 'learning_rate': 0.027640777121658428, 'feature_fraction': 0.7297078615791862, 'bagging_fraction': 0.960678066969509, 'max_depth': 7, 'max_bin': 63, 'min_sum_hessian_in_leaf': 48, 'subsample': 0.9}. Best is trial 53 with value: 0.7749196141479099.
[LightGBM] [Warning] min_sum_hessian_in_leaf is set=39, min_child_weight=0.001 will be ignored. Current value: min_sum_hessian_in_leaf=39
[LightGBM] [Warning] bagging_fraction is set=0.9913907896428181, subsample=0.8 will be ignored. Current value: bagging_fraction=0.9913907896428181
[I 2021-08-29 15:14:33,777] Trial 55 finished with value: 0.7883683360258482 and parameters: {'num_leaves': 61, 'learning_rate': 0.09018623372462836, 'feature_fraction': 0.5345789610841638, 'bagging_fraction': 0.9913907896428181, 'max_depth': 5, 'max_bin': 58, 'min_sum_hessian_in_leaf': 39, 'subsample': 0.8}. Best is trial 55 with value: 0.7883683360258482.
[LightGBM] [Warning] min_sum_hessian_in_leaf is set=30, min_child_weight=0.001 will be ignored. Current value: min_sum_hessian_in_leaf=30
[LightGBM] [Warning] bagging_fraction is set=0.9902897629822093, subsample=0.5 will be ignored. Current value: bagging_fraction=0.9902897629822093
[I 2021-08-29 15:14:34,774] Trial 56 finished with value: 0.7674796747967478 and parameters: {'num_leaves': 62, 'learning_rate': 0.08354689078923093, 'feature_fraction': 0.542421267890591, 'bagging_fraction': 0.9902897629822093, 'max_depth': 5, 'max_bin': 73, 'min_sum_hessian_in_leaf': 30, 'subsample': 0.5}. Best is trial 55 with value: 0.7883683360258482.
[LightGBM] [Warning] min_sum_hessian_in_leaf is set=51, min_child_weight=0.001 will be ignored. Current value: min_sum_hessian_in_leaf=51
[LightGBM] [Warning] bagging_fraction is set=0.9945721465553459, subsample=0.6 will be ignored. Current value: bagging_fraction=0.9945721465553459
[I 2021-08-29 15:14:35,838] Trial 57 finished with value: 0.7689822294022617 and parameters: {'num_leaves': 60, 'learning_rate': 0.016815975087063454, 'feature_fraction': 0.523840023358828, 'bagging_fraction': 0.9945721465553459, 'max_depth': 6, 'max_bin': 61, 'min_sum_hessian_in_leaf': 51, 'subsample': 0.6}. Best is trial 55 with value: 0.7883683360258482.
[LightGBM] [Warning] min_sum_hessian_in_leaf is set=24, min_child_weight=0.001 will be ignored. Current value: min_sum_hessian_in_leaf=24
[LightGBM] [Warning] bagging_fraction is set=0.9857279437877469, subsample=0.9 will be ignored. Current value: bagging_fraction=0.9857279437877469
[I 2021-08-29 15:14:37,089] Trial 58 finished with value: 0.7609756097560977 and parameters: {'num_leaves': 70, 'learning_rate': 0.02650824364619842, 'feature_fraction': 0.41287710756313145, 'bagging_fraction': 0.9857279437877469, 'max_depth': 6, 'max_bin': 77, 'min_sum_hessian_in_leaf': 24, 'subsample': 0.9}. Best is trial 55 with value: 0.7883683360258482.
[LightGBM] [Warning] min_sum_hessian_in_leaf is set=39, min_child_weight=0.001 will be ignored. Current value: min_sum_hessian_in_leaf=39
[LightGBM] [Warning] bagging_fraction is set=0.9523763701941933, subsample=0.8 will be ignored. Current value: bagging_fraction=0.9523763701941933
[I 2021-08-29 15:14:38,190] Trial 59 finished with value: 0.7772357723577236 and parameters: {'num_leaves': 64, 'learning_rate': 0.0664660527760237, 'feature_fraction': 0.7673939447941763, 'bagging_fraction': 0.9523763701941933, 'max_depth': 8, 'max_bin': 83, 'min_sum_hessian_in_leaf': 39, 'subsample': 0.8}. Best is trial 55 with value: 0.7883683360258482.
[LightGBM] [Warning] min_sum_hessian_in_leaf is set=39, min_child_weight=0.001 will be ignored. Current value: min_sum_hessian_in_leaf=39
[LightGBM] [Warning] bagging_fraction is set=0.9618536360909964, subsample=0.8 will be ignored. Current value: bagging_fraction=0.9618536360909964
[I 2021-08-29 15:14:39,169] Trial 60 finished with value: 0.7838709677419354 and parameters: {'num_leaves': 67, 'learning_rate': 0.07195887480212122, 'feature_fraction': 0.7470674033546256, 'bagging_fraction': 0.9618536360909964, 'max_depth': 8, 'max_bin': 87, 'min_sum_hessian_in_leaf': 39, 'subsample': 0.8}. Best is trial 55 with value: 0.7883683360258482.
[LightGBM] [Warning] min_sum_hessian_in_leaf is set=38, min_child_weight=0.001 will be ignored. Current value: min_sum_hessian_in_leaf=38
[LightGBM] [Warning] bagging_fraction is set=0.9632966538199406, subsample=0.8 will be ignored. Current value: bagging_fraction=0.9632966538199406
[I 2021-08-29 15:14:40,303] Trial 61 finished with value: 0.7647999999999999 and parameters: {'num_leaves': 64, 'learning_rate': 0.07624186841101133, 'feature_fraction': 0.7804701585199809, 'bagging_fraction': 0.9632966538199406, 'max_depth': 8, 'max_bin': 86, 'min_sum_hessian_in_leaf': 38, 'subsample': 0.8}. Best is trial 55 with value: 0.7883683360258482.
[LightGBM] [Warning] min_sum_hessian_in_leaf is set=45, min_child_weight=0.001 will be ignored. Current value: min_sum_hessian_in_leaf=45
[LightGBM] [Warning] bagging_fraction is set=0.9496361684095924, subsample=0.8 will be ignored. Current value: bagging_fraction=0.9496361684095924
[I 2021-08-29 15:14:41,494] Trial 62 finished with value: 0.7799352750809061 and parameters: {'num_leaves': 71, 'learning_rate': 0.09152358077465109, 'feature_fraction': 0.7455298329435682, 'bagging_fraction': 0.9496361684095924, 'max_depth': 8, 'max_bin': 83, 'min_sum_hessian_in_leaf': 45, 'subsample': 0.8}. Best is trial 55 with value: 0.7883683360258482.
[LightGBM] [Warning] min_sum_hessian_in_leaf is set=46, min_child_weight=0.001 will be ignored. Current value: min_sum_hessian_in_leaf=46
[LightGBM] [Warning] bagging_fraction is set=0.9492507172190068, subsample=0.8 will be ignored. Current value: bagging_fraction=0.9492507172190068
[I 2021-08-29 15:14:42,532] Trial 63 finished with value: 0.7697262479871176 and parameters: {'num_leaves': 74, 'learning_rate': 0.058089380511876475, 'feature_fraction': 0.7622202591716807, 'bagging_fraction': 0.9492507172190068, 'max_depth': 8, 'max_bin': 84, 'min_sum_hessian_in_leaf': 46, 'subsample': 0.8}. Best is trial 55 with value: 0.7883683360258482.
[LightGBM] [Warning] min_sum_hessian_in_leaf is set=58, min_child_weight=0.001 will be ignored. Current value: min_sum_hessian_in_leaf=58
[LightGBM] [Warning] bagging_fraction is set=0.9561453798726901, subsample=0.7 will be ignored. Current value: bagging_fraction=0.9561453798726901
[I 2021-08-29 15:14:43,462] Trial 64 finished with value: 0.7504078303425775 and parameters: {'num_leaves': 67, 'learning_rate': 0.03862208534875901, 'feature_fraction': 0.8190859130169408, 'bagging_fraction': 0.9561453798726901, 'max_depth': 9, 'max_bin': 81, 'min_sum_hessian_in_leaf': 58, 'subsample': 0.7}. Best is trial 55 with value: 0.7883683360258482.
[LightGBM] [Warning] min_sum_hessian_in_leaf is set=39, min_child_weight=0.001 will be ignored. Current value: min_sum_hessian_in_leaf=39
[LightGBM] [Warning] bagging_fraction is set=0.9402202578963942, subsample=0.8 will be ignored. Current value: bagging_fraction=0.9402202578963942
