[I 2021-08-29 15:14:44,575] Trial 65 finished with value: 0.7838709677419354 and parameters: {'num_leaves': 72, 'learning_rate': 0.09732229890290367, 'feature_fraction': 0.7523832822324356, 'bagging_fraction': 0.9402202578963942, 'max_depth': 6, 'max_bin': 89, 'min_sum_hessian_in_leaf': 39, 'subsample': 0.8}. Best is trial 55 with value: 0.7883683360258482.
[LightGBM] [Warning] min_sum_hessian_in_leaf is set=39, min_child_weight=0.001 will be ignored. Current value: min_sum_hessian_in_leaf=39
[LightGBM] [Warning] bagging_fraction is set=0.9375242234185154, subsample=0.8 will be ignored. Current value: bagging_fraction=0.9375242234185154
[I 2021-08-29 15:14:45,713] Trial 66 finished with value: 0.7699836867862969 and parameters: {'num_leaves': 71, 'learning_rate': 0.09684572903043322, 'feature_fraction': 0.8717281507858761, 'bagging_fraction': 0.9375242234185154, 'max_depth': 6, 'max_bin': 90, 'min_sum_hessian_in_leaf': 39, 'subsample': 0.8}. Best is trial 55 with value: 0.7883683360258482.
[LightGBM] [Warning] min_sum_hessian_in_leaf is set=48, min_child_weight=0.001 will be ignored. Current value: min_sum_hessian_in_leaf=48
[LightGBM] [Warning] bagging_fraction is set=0.9399604159343495, subsample=0.7 will be ignored. Current value: bagging_fraction=0.9399604159343495
[I 2021-08-29 15:14:46,863] Trial 67 finished with value: 0.7544715447154471 and parameters: {'num_leaves': 75, 'learning_rate': 0.02416462106977167, 'feature_fraction': 0.7139019888297444, 'bagging_fraction': 0.9399604159343495, 'max_depth': 8, 'max_bin': 83, 'min_sum_hessian_in_leaf': 48, 'subsample': 0.7}. Best is trial 55 with value: 0.7883683360258482.
[LightGBM] [Warning] min_sum_hessian_in_leaf is set=53, min_child_weight=0.001 will be ignored. Current value: min_sum_hessian_in_leaf=53
[LightGBM] [Warning] bagging_fraction is set=0.9228650230908215, subsample=0.8 will be ignored. Current value: bagging_fraction=0.9228650230908215
[I 2021-08-29 15:14:47,950] Trial 68 finished with value: 0.6987399770904925 and parameters: {'num_leaves': 74, 'learning_rate': 6.526127180185427e-06, 'feature_fraction': 0.8114997451277668, 'bagging_fraction': 0.9228650230908215, 'max_depth': 5, 'max_bin': 87, 'min_sum_hessian_in_leaf': 53, 'subsample': 0.8}. Best is trial 55 with value: 0.7883683360258482.
[LightGBM] [Warning] min_sum_hessian_in_leaf is set=31, min_child_weight=0.001 will be ignored. Current value: min_sum_hessian_in_leaf=31
[LightGBM] [Warning] bagging_fraction is set=0.9514174927993454, subsample=0.8 will be ignored. Current value: bagging_fraction=0.9514174927993454
[I 2021-08-29 15:14:49,418] Trial 69 finished with value: 0.7649918962722851 and parameters: {'num_leaves': 66, 'learning_rate': 0.07142537009491377, 'feature_fraction': 0.7512291432607643, 'bagging_fraction': 0.9514174927993454, 'max_depth': 7, 'max_bin': 90, 'min_sum_hessian_in_leaf': 31, 'subsample': 0.8}. Best is trial 55 with value: 0.7883683360258482.
[LightGBM] [Warning] min_sum_hessian_in_leaf is set=37, min_child_weight=0.001 will be ignored. Current value: min_sum_hessian_in_leaf=37
[LightGBM] [Warning] bagging_fraction is set=0.9691532455390666, subsample=0.8 will be ignored. Current value: bagging_fraction=0.9691532455390666
[I 2021-08-29 15:14:50,442] Trial 70 finished with value: 0.7722132471728594 and parameters: {'num_leaves': 63, 'learning_rate': 0.0941595165125058, 'feature_fraction': 0.6638186057755091, 'bagging_fraction': 0.9691532455390666, 'max_depth': 10, 'max_bin': 85, 'min_sum_hessian_in_leaf': 37, 'subsample': 0.8}. Best is trial 55 with value: 0.7883683360258482.
[LightGBM] [Warning] min_sum_hessian_in_leaf is set=37, min_child_weight=0.001 will be ignored. Current value: min_sum_hessian_in_leaf=37
[LightGBM] [Warning] bagging_fraction is set=0.9716211711343395, subsample=0.8 will be ignored. Current value: bagging_fraction=0.9716211711343395
[I 2021-08-29 15:14:51,554] Trial 71 finished with value: 0.7766990291262136 and parameters: {'num_leaves': 63, 'learning_rate': 0.09397744990394168, 'feature_fraction': 0.6691633571900918, 'bagging_fraction': 0.9716211711343395, 'max_depth': 10, 'max_bin': 85, 'min_sum_hessian_in_leaf': 37, 'subsample': 0.8}. Best is trial 55 with value: 0.7883683360258482.
[LightGBM] [Warning] min_sum_hessian_in_leaf is set=37, min_child_weight=0.001 will be ignored. Current value: min_sum_hessian_in_leaf=37
[LightGBM] [Warning] bagging_fraction is set=0.9722234121978165, subsample=0.8 will be ignored. Current value: bagging_fraction=0.9722234121978165
[I 2021-08-29 15:14:52,903] Trial 72 finished with value: 0.7704654895666132 and parameters: {'num_leaves': 63, 'learning_rate': 0.08791267458777792, 'feature_fraction': 0.6679208567235353, 'bagging_fraction': 0.9722234121978165, 'max_depth': 10, 'max_bin': 85, 'min_sum_hessian_in_leaf': 37, 'subsample': 0.8}. Best is trial 55 with value: 0.7883683360258482.
[LightGBM] [Warning] min_sum_hessian_in_leaf is set=28, min_child_weight=0.001 will be ignored. Current value: min_sum_hessian_in_leaf=28
[LightGBM] [Warning] bagging_fraction is set=0.9646500383876258, subsample=0.8 will be ignored. Current value: bagging_fraction=0.9646500383876258
[I 2021-08-29 15:14:54,071] Trial 73 finished with value: 0.7584000000000001 and parameters: {'num_leaves': 60, 'learning_rate': 0.03500624615702307, 'feature_fraction': 0.7091850536350006, 'bagging_fraction': 0.9646500383876258, 'max_depth': 6, 'max_bin': 80, 'min_sum_hessian_in_leaf': 28, 'subsample': 0.8}. Best is trial 55 with value: 0.7883683360258482.
[LightGBM] [Warning] min_sum_hessian_in_leaf is set=37, min_child_weight=0.001 will be ignored. Current value: min_sum_hessian_in_leaf=37
[LightGBM] [Warning] bagging_fraction is set=0.9580111755884048, subsample=0.8 will be ignored. Current value: bagging_fraction=0.9580111755884048
[I 2021-08-29 15:14:55,207] Trial 74 finished with value: 0.7806451612903227 and parameters: {'num_leaves': 72, 'learning_rate': 0.06778057347945499, 'feature_fraction': 0.7716287471549447, 'bagging_fraction': 0.9580111755884048, 'max_depth': 10, 'max_bin': 82, 'min_sum_hessian_in_leaf': 37, 'subsample': 0.8}. Best is trial 55 with value: 0.7883683360258482.
[LightGBM] [Warning] min_sum_hessian_in_leaf is set=25, min_child_weight=0.001 will be ignored. Current value: min_sum_hessian_in_leaf=25
[LightGBM] [Warning] bagging_fraction is set=0.9419801212303562, subsample=0.8 will be ignored. Current value: bagging_fraction=0.9419801212303562
[I 2021-08-29 15:14:56,602] Trial 75 finished with value: 0.7674796747967478 and parameters: {'num_leaves': 77, 'learning_rate': 0.06407059580879182, 'feature_fraction': 0.7991332851577235, 'bagging_fraction': 0.9419801212303562, 'max_depth': 8, 'max_bin': 88, 'min_sum_hessian_in_leaf': 25, 'subsample': 0.8}. Best is trial 55 with value: 0.7883683360258482.
[LightGBM] [Warning] min_sum_hessian_in_leaf is set=43, min_child_weight=0.001 will be ignored. Current value: min_sum_hessian_in_leaf=43
[LightGBM] [Warning] bagging_fraction is set=0.9570662968056025, subsample=0.7 will be ignored. Current value: bagging_fraction=0.9570662968056025
[I 2021-08-29 15:14:57,813] Trial 76 finished with value: 0.7617504051863857 and parameters: {'num_leaves': 72, 'learning_rate': 0.02026599732472435, 'feature_fraction': 0.7634589484049418, 'bagging_fraction': 0.9570662968056025, 'max_depth': 7, 'max_bin': 78, 'min_sum_hessian_in_leaf': 43, 'subsample': 0.7}. Best is trial 55 with value: 0.7883683360258482.
[LightGBM] [Warning] min_sum_hessian_in_leaf is set=32, min_child_weight=0.001 will be ignored. Current value: min_sum_hessian_in_leaf=32
[LightGBM] [Warning] bagging_fraction is set=0.9508825193396847, subsample=0.8 will be ignored. Current value: bagging_fraction=0.9508825193396847
[I 2021-08-29 15:14:59,074] Trial 77 finished with value: 0.7584000000000001 and parameters: {'num_leaves': 69, 'learning_rate': 0.03653368882189263, 'feature_fraction': 0.8419151901481889, 'bagging_fraction': 0.9508825193396847, 'max_depth': 5, 'max_bin': 82, 'min_sum_hessian_in_leaf': 32, 'subsample': 0.8}. Best is trial 55 with value: 0.7883683360258482.
[LightGBM] [Warning] min_sum_hessian_in_leaf is set=50, min_child_weight=0.001 will be ignored. Current value: min_sum_hessian_in_leaf=50
[LightGBM] [Warning] bagging_fraction is set=0.9279705918403868, subsample=0.8 will be ignored. Current value: bagging_fraction=0.9279705918403868
[I 2021-08-29 15:15:00,159] Trial 78 finished with value: 0.7682333873581846 and parameters: {'num_leaves': 58, 'learning_rate': 0.06758001496776266, 'feature_fraction': 0.7293440920605267, 'bagging_fraction': 0.9279705918403868, 'max_depth': 10, 'max_bin': 75, 'min_sum_hessian_in_leaf': 50, 'subsample': 0.8}. Best is trial 55 with value: 0.7883683360258482.
[LightGBM] [Warning] min_sum_hessian_in_leaf is set=38, min_child_weight=0.001 will be ignored. Current value: min_sum_hessian_in_leaf=38
[LightGBM] [Warning] bagging_fraction is set=0.9584190948717833, subsample=0.7 will be ignored. Current value: bagging_fraction=0.9584190948717833
[I 2021-08-29 15:15:01,218] Trial 79 finished with value: 0.7692307692307693 and parameters: {'num_leaves': 78, 'learning_rate': 0.04057685158401571, 'feature_fraction': 0.7741536094974473, 'bagging_fraction': 0.9584190948717833, 'max_depth': 6, 'max_bin': 88, 'min_sum_hessian_in_leaf': 38, 'subsample': 0.7}. Best is trial 55 with value: 0.7883683360258482.
[LightGBM] [Warning] min_sum_hessian_in_leaf is set=21, min_child_weight=0.001 will be ignored. Current value: min_sum_hessian_in_leaf=21
[LightGBM] [Warning] bagging_fraction is set=0.983299694251579, subsample=0.8 will be ignored. Current value: bagging_fraction=0.983299694251579
[I 2021-08-29 15:15:02,659] Trial 80 finished with value: 0.6987399770904925 and parameters: {'num_leaves': 66, 'learning_rate': 5.561390383943353e-05, 'feature_fraction': 0.8269252972607264, 'bagging_fraction': 0.983299694251579, 'max_depth': 8, 'max_bin': 82, 'min_sum_hessian_in_leaf': 21, 'subsample': 0.8}. Best is trial 55 with value: 0.7883683360258482.
[LightGBM] [Warning] min_sum_hessian_in_leaf is set=40, min_child_weight=0.001 will be ignored. Current value: min_sum_hessian_in_leaf=40
[LightGBM] [Warning] bagging_fraction is set=0.9672816974952941, subsample=0.8 will be ignored. Current value: bagging_fraction=0.9672816974952941
[I 2021-08-29 15:15:03,906] Trial 81 finished with value: 0.7724358974358975 and parameters: {'num_leaves': 64, 'learning_rate': 0.09300922876444029, 'feature_fraction': 0.7420346546380867, 'bagging_fraction': 0.9672816974952941, 'max_depth': 10, 'max_bin': 85, 'min_sum_hessian_in_leaf': 40, 'subsample': 0.8}. Best is trial 55 with value: 0.7883683360258482.
[LightGBM] [Warning] min_sum_hessian_in_leaf is set=40, min_child_weight=0.001 will be ignored. Current value: min_sum_hessian_in_leaf=40
[LightGBM] [Warning] bagging_fraction is set=0.9655966806655403, subsample=0.8 will be ignored. Current value: bagging_fraction=0.9655966806655403
[I 2021-08-29 15:15:04,972] Trial 82 finished with value: 0.7727272727272727 and parameters: {'num_leaves': 72, 'learning_rate': 0.0671015036338154, 'feature_fraction': 0.7446495337130133, 'bagging_fraction': 0.9655966806655403, 'max_depth': 7, 'max_bin': 84, 'min_sum_hessian_in_leaf': 40, 'subsample': 0.8}. Best is trial 55 with value: 0.7883683360258482.
[LightGBM] [Warning] min_sum_hessian_in_leaf is set=46, min_child_weight=0.001 will be ignored. Current value: min_sum_hessian_in_leaf=46
[LightGBM] [Warning] bagging_fraction is set=0.933639018360167, subsample=0.8 will be ignored. Current value: bagging_fraction=0.933639018360167
[I 2021-08-29 15:15:06,025] Trial 83 finished with value: 0.7677419354838709 and parameters: {'num_leaves': 72, 'learning_rate': 0.0681415547563014, 'feature_fraction': 0.7097125340545052, 'bagging_fraction': 0.933639018360167, 'max_depth': 7, 'max_bin': 80, 'min_sum_hessian_in_leaf': 46, 'subsample': 0.8}. Best is trial 55 with value: 0.7883683360258482.
[LightGBM] [Warning] min_sum_hessian_in_leaf is set=35, min_child_weight=0.001 will be ignored. Current value: min_sum_hessian_in_leaf=35
[LightGBM] [Warning] bagging_fraction is set=0.9474124375178704, subsample=0.8 will be ignored. Current value: bagging_fraction=0.9474124375178704
[I 2021-08-29 15:15:07,168] Trial 84 finished with value: 0.7596153846153847 and parameters: {'num_leaves': 68, 'learning_rate': 0.031724908749056605, 'feature_fraction': 0.753510850988247, 'bagging_fraction': 0.9474124375178704, 'max_depth': 5, 'max_bin': 89, 'min_sum_hessian_in_leaf': 35, 'subsample': 0.8}. Best is trial 55 with value: 0.7883683360258482.
[LightGBM] [Warning] min_sum_hessian_in_leaf is set=43, min_child_weight=0.001 will be ignored. Current value: min_sum_hessian_in_leaf=43
[LightGBM] [Warning] bagging_fraction is set=0.9808417760603303, subsample=0.8 will be ignored. Current value: bagging_fraction=0.9808417760603303
[I 2021-08-29 15:15:08,441] Trial 85 finished with value: 0.7649918962722851 and parameters: {'num_leaves': 70, 'learning_rate': 0.046586801117383975, 'feature_fraction': 0.79567578290662, 'bagging_fraction': 0.9808417760603303, 'max_depth': 9, 'max_bin': 75, 'min_sum_hessian_in_leaf': 43, 'subsample': 0.8}. Best is trial 55 with value: 0.7883683360258482.
[LightGBM] [Warning] min_sum_hessian_in_leaf is set=29, min_child_weight=0.001 will be ignored. Current value: min_sum_hessian_in_leaf=29
[LightGBM] [Warning] bagging_fraction is set=0.9535142123609845, subsample=0.8 will be ignored. Current value: bagging_fraction=0.9535142123609845
[I 2021-08-29 15:15:09,906] Trial 86 finished with value: 0.7709677419354838 and parameters: {'num_leaves': 76, 'learning_rate': 0.015124236380991498, 'feature_fraction': 0.8892408514605177, 'bagging_fraction': 0.9535142123609845, 'max_depth': 7, 'max_bin': 87, 'min_sum_hessian_in_leaf': 29, 'subsample': 0.8}. Best is trial 55 with value: 0.7883683360258482.
[LightGBM] [Warning] min_sum_hessian_in_leaf is set=36, min_child_weight=0.001 will be ignored. Current value: min_sum_hessian_in_leaf=36
[LightGBM] [Warning] bagging_fraction is set=0.9731774434683329, subsample=0.8 will be ignored. Current value: bagging_fraction=0.9731774434683329
[I 2021-08-29 15:15:11,127] Trial 87 finished with value: 0.7520259319286873 and parameters: {'num_leaves': 65, 'learning_rate': 0.023809658996983486, 'feature_fraction': 0.7004314309074263, 'bagging_fraction': 0.9731774434683329, 'max_depth': 8, 'max_bin': 83, 'min_sum_hessian_in_leaf': 36, 'subsample': 0.8}. Best is trial 55 with value: 0.7883683360258482.
[LightGBM] [Warning] min_sum_hessian_in_leaf is set=40, min_child_weight=0.001 will be ignored. Current value: min_sum_hessian_in_leaf=40
[LightGBM] [Warning] bagging_fraction is set=0.9637340024959058, subsample=0.8 will be ignored. Current value: bagging_fraction=0.9637340024959058
[I 2021-08-29 15:15:12,305] Trial 88 finished with value: 0.7709677419354838 and parameters: {'num_leaves': 73, 'learning_rate': 0.06717381949591432, 'feature_fraction': 0.773737344124679, 'bagging_fraction': 0.9637340024959058, 'max_depth': 6, 'max_bin': 71, 'min_sum_hessian_in_leaf': 40, 'subsample': 0.8}. Best is trial 55 with value: 0.7883683360258482.
[LightGBM] [Warning] min_sum_hessian_in_leaf is set=32, min_child_weight=0.001 will be ignored. Current value: min_sum_hessian_in_leaf=32
[LightGBM] [Warning] bagging_fraction is set=0.9583382883479418, subsample=0.7 will be ignored. Current value: bagging_fraction=0.9583382883479418
[I 2021-08-29 15:15:13,434] Trial 89 finished with value: 0.7585089141004862 and parameters: {'num_leaves': 58, 'learning_rate': 0.044806986285114224, 'feature_fraction': 0.8055168495895733, 'bagging_fraction': 0.9583382883479418, 'max_depth': 12, 'max_bin': 78, 'min_sum_hessian_in_leaf': 32, 'subsample': 0.7}. Best is trial 55 with value: 0.7883683360258482.
[LightGBM] [Warning] min_sum_hessian_in_leaf is set=55, min_child_weight=0.001 will be ignored. Current value: min_sum_hessian_in_leaf=55
[LightGBM] [Warning] bagging_fraction is set=0.9446726441910367, subsample=0.8 will be ignored. Current value: bagging_fraction=0.9446726441910367
[I 2021-08-29 15:15:14,462] Trial 90 finished with value: 0.7532467532467533 and parameters: {'num_leaves': 68, 'learning_rate': 0.09761817726099122, 'feature_fraction': 0.6835226104800107, 'bagging_fraction': 0.9446726441910367, 'max_depth': 9, 'max_bin': 83, 'min_sum_hessian_in_leaf': 55, 'subsample': 0.8}. Best is trial 55 with value: 0.7883683360258482.
[LightGBM] [Warning] min_sum_hessian_in_leaf is set=40, min_child_weight=0.001 will be ignored. Current value: min_sum_hessian_in_leaf=40
[LightGBM] [Warning] bagging_fraction is set=0.9687794213053549, subsample=0.8 will be ignored. Current value: bagging_fraction=0.9687794213053549
[I 2021-08-29 15:15:15,692] Trial 91 finished with value: 0.7682333873581846 and parameters: {'num_leaves': 60, 'learning_rate': 0.09783252284292525, 'feature_fraction': 0.7401165703123378, 'bagging_fraction': 0.9687794213053549, 'max_depth': 10, 'max_bin': 85, 'min_sum_hessian_in_leaf': 40, 'subsample': 0.8}. Best is trial 55 with value: 0.7883683360258482.
[LightGBM] [Warning] min_sum_hessian_in_leaf is set=44, min_child_weight=0.001 will be ignored. Current value: min_sum_hessian_in_leaf=44
[LightGBM] [Warning] bagging_fraction is set=0.9653106899892793, subsample=0.8 will be ignored. Current value: bagging_fraction=0.9653106899892793
[I 2021-08-29 15:15:16,779] Trial 92 finished with value: 0.7768860353130016 and parameters: {'num_leaves': 65, 'learning_rate': 0.05997602287079006, 'feature_fraction': 0.7225616960882353, 'bagging_fraction': 0.9653106899892793, 'max_depth': 8, 'max_bin': 86, 'min_sum_hessian_in_leaf': 44, 'subsample': 0.8}. Best is trial 55 with value: 0.7883683360258482.
[LightGBM] [Warning] min_sum_hessian_in_leaf is set=45, min_child_weight=0.001 will be ignored. Current value: min_sum_hessian_in_leaf=45
[LightGBM] [Warning] bagging_fraction is set=0.9616855471603649, subsample=0.8 will be ignored. Current value: bagging_fraction=0.9616855471603649
[I 2021-08-29 15:15:17,927] Trial 93 finished with value: 0.7665056360708534 and parameters: {'num_leaves': 62, 'learning_rate': 0.05643319099184063, 'feature_fraction': 0.7218485384707275, 'bagging_fraction': 0.9616855471603649, 'max_depth': 8, 'max_bin': 87, 'min_sum_hessian_in_leaf': 45, 'subsample': 0.8}. Best is trial 55 with value: 0.7883683360258482.
[LightGBM] [Warning] min_sum_hessian_in_leaf is set=48, min_child_weight=0.001 will be ignored. Current value: min_sum_hessian_in_leaf=48
[LightGBM] [Warning] bagging_fraction is set=0.9798811248219947, subsample=0.8 will be ignored. Current value: bagging_fraction=0.9798811248219947
[I 2021-08-29 15:15:19,471] Trial 94 finished with value: 0.7561374795417349 and parameters: {'num_leaves': 70, 'learning_rate': 0.03347928548480782, 'feature_fraction': 0.6407831856413927, 'bagging_fraction': 0.9798811248219947, 'max_depth': 6, 'max_bin': 90, 'min_sum_hessian_in_leaf': 48, 'subsample': 0.8}. Best is trial 55 with value: 0.7883683360258482.
[LightGBM] [Warning] min_sum_hessian_in_leaf is set=42, min_child_weight=0.001 will be ignored. Current value: min_sum_hessian_in_leaf=42
[LightGBM] [Warning] bagging_fraction is set=0.8495742281132322, subsample=0.8 will be ignored. Current value: bagging_fraction=0.8495742281132322
[I 2021-08-29 15:15:20,475] Trial 95 finished with value: 0.7722132471728594 and parameters: {'num_leaves': 66, 'learning_rate': 0.0617306998199971, 'feature_fraction': 0.8480538559983466, 'bagging_fraction': 0.8495742281132322, 'max_depth': 5, 'max_bin': 81, 'min_sum_hessian_in_leaf': 42, 'subsample': 0.8}. Best is trial 55 with value: 0.7883683360258482.
[LightGBM] [Warning] min_sum_hessian_in_leaf is set=50, min_child_weight=0.001 will be ignored. Current value: min_sum_hessian_in_leaf=50
[LightGBM] [Warning] bagging_fraction is set=0.9737282371149768, subsample=0.8 will be ignored. Current value: bagging_fraction=0.9737282371149768
[I 2021-08-29 15:15:21,500] Trial 96 finished with value: 0.7612903225806451 and parameters: {'num_leaves': 67, 'learning_rate': 0.07196468866357686, 'feature_fraction': 0.6954906230733601, 'bagging_fraction': 0.9737282371149768, 'max_depth': 7, 'max_bin': 58, 'min_sum_hessian_in_leaf': 50, 'subsample': 0.8}. Best is trial 55 with value: 0.7883683360258482.
[LightGBM] [Warning] min_sum_hessian_in_leaf is set=44, min_child_weight=0.001 will be ignored. Current value: min_sum_hessian_in_leaf=44
[LightGBM] [Warning] bagging_fraction is set=0.9541174699300674, subsample=0.7 will be ignored. Current value: bagging_fraction=0.9541174699300674
[I 2021-08-29 15:15:22,984] Trial 97 finished with value: 0.7714748784440842 and parameters: {'num_leaves': 72, 'learning_rate': 0.045568472079831765, 'feature_fraction': 0.2320540597628114, 'bagging_fraction': 0.9541174699300674, 'max_depth': 8, 'max_bin': 86, 'min_sum_hessian_in_leaf': 44, 'subsample': 0.7}. Best is trial 55 with value: 0.7883683360258482.
[LightGBM] [Warning] min_sum_hessian_in_leaf is set=38, min_child_weight=0.001 will be ignored. Current value: min_sum_hessian_in_leaf=38
[LightGBM] [Warning] bagging_fraction is set=0.9207465287376824, subsample=0.8 will be ignored. Current value: bagging_fraction=0.9207465287376824
[I 2021-08-29 15:15:24,329] Trial 98 finished with value: 0.7637540453074433 and parameters: {'num_leaves': 61, 'learning_rate': 0.018463920119779466, 'feature_fraction': 0.7879469896063788, 'bagging_fraction': 0.9207465287376824, 'max_depth': 7, 'max_bin': 84, 'min_sum_hessian_in_leaf': 38, 'subsample': 0.8}. Best is trial 55 with value: 0.7883683360258482.
[LightGBM] [Warning] min_sum_hessian_in_leaf is set=33, min_child_weight=0.001 will be ignored. Current value: min_sum_hessian_in_leaf=33
[LightGBM] [Warning] bagging_fraction is set=0.9656433609692393, subsample=0.8 will be ignored. Current value: bagging_fraction=0.9656433609692393
