BEST PARAMS:
FrozenTrial(number=55, values=[0.7883683360258482], datetime_start=datetime.datetime(2021, 8, 29, 15, 14, 32, 881068), datetime_complete=datetime.datetime(2021, 8, 29, 15, 14, 33, 776981), params={'num_leaves': 61, 'learning_rate': 0.09018623372462836, 'feature_fraction': 0.5345789610841638, 'bagging_fraction': 0.9913907896428181, 'max_depth': 5, 'max_bin': 58, 'min_sum_hessian_in_leaf': 39, 'subsample': 0.8}, distributions={'num_leaves': IntUniformDistribution(high=80, low=24, step=1), 'learning_rate': LogUniformDistribution(high=0.1, low=1e-06), 'feature_fraction': UniformDistribution(high=0.9, low=0.1), 'bagging_fraction': UniformDistribution(high=1.0, low=0.8), 'max_depth': IntUniformDistribution(high=30, low=5, step=1), 'max_bin': IntUniformDistribution(high=90, low=20, step=1), 'min_sum_hessian_in_leaf': IntUniformDistribution(high=100, low=0, step=1), 'subsample': DiscreteUniformDistribution(high=1.0, low=0.5, q=0.1)}, user_attrs={}, system_attrs={}, intermediate_values={}, trial_id=55, state=TrialState.COMPLETE, value=None)
{'num_leaves': 61, 'learning_rate': 0.09018623372462836, 'feature_fraction': 0.5345789610841638, 'bagging_fraction': 0.9913907896428181, 'max_depth': 5, 'max_bin': 58, 'min_sum_hessian_in_leaf': 39, 'subsample': 0.8}

--------------------------------------------------------------------------------------------------------------------------------------------------------



[I 2021-08-29 15:13:21,382] A new study created in memory with name: lgbm_optimze
[LightGBM] [Warning] min_sum_hessian_in_leaf is set=90, min_child_weight=0.001 will be ignored. Current value: min_sum_hessian_in_leaf=90
[LightGBM] [Warning] bagging_fraction is set=0.828390233567468, subsample=0.5 will be ignored. Current value: bagging_fraction=0.828390233567468
[I 2021-08-29 15:13:22,191] Trial 0 finished with value: 0.7397260273972602 and parameters: {'num_leaves': 32, 'learning_rate': 0.0063418435156973, 'feature_fraction': 0.22671905863281153, 'bagging_fraction': 0.828390233567468, 'max_depth': 29, 'max_bin': 39, 'min_sum_hessian_in_leaf': 90, 'subsample': 0.5}. Best is trial 0 with value: 0.7397260273972602.
[LightGBM] [Warning] min_sum_hessian_in_leaf is set=65, min_child_weight=0.001 will be ignored. Current value: min_sum_hessian_in_leaf=65
[LightGBM] [Warning] bagging_fraction is set=0.8254301742304769, subsample=1.0 will be ignored. Current value: bagging_fraction=0.8254301742304769
[I 2021-08-29 15:13:23,453] Trial 1 finished with value: 0.6987399770904925 and parameters: {'num_leaves': 80, 'learning_rate': 2.522663178763523e-05, 'feature_fraction': 0.8161772758830638, 'bagging_fraction': 0.8254301742304769, 'max_depth': 23, 'max_bin': 82, 'min_sum_hessian_in_leaf': 65, 'subsample': 1.0}. Best is trial 0 with value: 0.7397260273972602.
[LightGBM] [Warning] min_sum_hessian_in_leaf is set=42, min_child_weight=0.001 will be ignored. Current value: min_sum_hessian_in_leaf=42
[LightGBM] [Warning] bagging_fraction is set=0.9668513028508856, subsample=0.8 will be ignored. Current value: bagging_fraction=0.9668513028508856
[I 2021-08-29 15:13:24,409] Trial 2 finished with value: 0.7657512116316639 and parameters: {'num_leaves': 41, 'learning_rate': 0.021576236774632815, 'feature_fraction': 0.7377642394838946, 'bagging_fraction': 0.9668513028508856, 'max_depth': 17, 'max_bin': 48, 'min_sum_hessian_in_leaf': 42, 'subsample': 0.8}. Best is trial 2 with value: 0.7657512116316639.
[LightGBM] [Warning] min_sum_hessian_in_leaf is set=42, min_child_weight=0.001 will be ignored. Current value: min_sum_hessian_in_leaf=42
[LightGBM] [Warning] bagging_fraction is set=0.8067746605214305, subsample=0.5 will be ignored. Current value: bagging_fraction=0.8067746605214305
[I 2021-08-29 15:13:25,605] Trial 3 finished with value: 0.6987399770904925 and parameters: {'num_leaves': 69, 'learning_rate': 0.00033256064248833513, 'feature_fraction': 0.44273461964232486, 'bagging_fraction': 0.8067746605214305, 'max_depth': 15, 'max_bin': 57, 'min_sum_hessian_in_leaf': 42, 'subsample': 0.5}. Best is trial 2 with value: 0.7657512116316639.
[LightGBM] [Warning] min_sum_hessian_in_leaf is set=8, min_child_weight=0.001 will be ignored. Current value: min_sum_hessian_in_leaf=8
[LightGBM] [Warning] bagging_fraction is set=0.8794734527398929, subsample=0.7 will be ignored. Current value: bagging_fraction=0.8794734527398929
[I 2021-08-29 15:13:28,110] Trial 4 finished with value: 0.6987399770904925 and parameters: {'num_leaves': 47, 'learning_rate': 0.00034932572855661314, 'feature_fraction': 0.2062757536080814, 'bagging_fraction': 0.8794734527398929, 'max_depth': 23, 'max_bin': 60, 'min_sum_hessian_in_leaf': 8, 'subsample': 0.7}. Best is trial 2 with value: 0.7657512116316639.
[LightGBM] [Warning] min_sum_hessian_in_leaf is set=3, min_child_weight=0.001 will be ignored. Current value: min_sum_hessian_in_leaf=3
[LightGBM] [Warning] bagging_fraction is set=0.8505225679074856, subsample=0.7 will be ignored. Current value: bagging_fraction=0.8505225679074856
[I 2021-08-29 15:13:31,054] Trial 5 finished with value: 0.6987399770904925 and parameters: {'num_leaves': 61, 'learning_rate': 4.58783301896141e-06, 'feature_fraction': 0.20899166594767885, 'bagging_fraction': 0.8505225679074856, 'max_depth': 9, 'max_bin': 70, 'min_sum_hessian_in_leaf': 3, 'subsample': 0.7}. Best is trial 2 with value: 0.7657512116316639.
[LightGBM] [Warning] min_sum_hessian_in_leaf is set=51, min_child_weight=0.001 will be ignored. Current value: min_sum_hessian_in_leaf=51
[LightGBM] [Warning] bagging_fraction is set=0.9776586131715952, subsample=0.5 will be ignored. Current value: bagging_fraction=0.9776586131715952
[I 2021-08-29 15:13:32,156] Trial 6 finished with value: 0.7499999999999999 and parameters: {'num_leaves': 41, 'learning_rate': 0.0021482492853184035, 'feature_fraction': 0.11924380393936085, 'bagging_fraction': 0.9776586131715952, 'max_depth': 16, 'max_bin': 66, 'min_sum_hessian_in_leaf': 51, 'subsample': 0.5}. Best is trial 2 with value: 0.7657512116316639.
[LightGBM] [Warning] min_sum_hessian_in_leaf is set=51, min_child_weight=0.001 will be ignored. Current value: min_sum_hessian_in_leaf=51
[LightGBM] [Warning] bagging_fraction is set=0.9527554989693566, subsample=0.6 will be ignored. Current value: bagging_fraction=0.9527554989693566
[I 2021-08-29 15:13:33,203] Trial 7 finished with value: 0.7316486161251504 and parameters: {'num_leaves': 25, 'learning_rate': 0.0005354479632418864, 'feature_fraction': 0.27647960659349957, 'bagging_fraction': 0.9527554989693566, 'max_depth': 29, 'max_bin': 76, 'min_sum_hessian_in_leaf': 51, 'subsample': 0.6}. Best is trial 2 with value: 0.7657512116316639.
[LightGBM] [Warning] min_sum_hessian_in_leaf is set=16, min_child_weight=0.001 will be ignored. Current value: min_sum_hessian_in_leaf=16
[LightGBM] [Warning] bagging_fraction is set=0.8616349836487286, subsample=0.6 will be ignored. Current value: bagging_fraction=0.8616349836487286
[I 2021-08-29 15:13:34,789] Trial 8 finished with value: 0.7528089887640449 and parameters: {'num_leaves': 39, 'learning_rate': 0.001370030511869448, 'feature_fraction': 0.8373408105138801, 'bagging_fraction': 0.8616349836487286, 'max_depth': 22, 'max_bin': 65, 'min_sum_hessian_in_leaf': 16, 'subsample': 0.6}. Best is trial 2 with value: 0.7657512116316639.
[LightGBM] [Warning] min_sum_hessian_in_leaf is set=41, min_child_weight=0.001 will be ignored. Current value: min_sum_hessian_in_leaf=41
[LightGBM] [Warning] bagging_fraction is set=0.9608704845052678, subsample=0.9 will be ignored. Current value: bagging_fraction=0.9608704845052678
[I 2021-08-29 15:13:35,720] Trial 9 finished with value: 0.7572815533980584 and parameters: {'num_leaves': 65, 'learning_rate': 0.01597825877995211, 'feature_fraction': 0.6211869545657703, 'bagging_fraction': 0.9608704845052678, 'max_depth': 7, 'max_bin': 43, 'min_sum_hessian_in_leaf': 41, 'subsample': 0.9}. Best is trial 2 with value: 0.7657512116316639.
[LightGBM] [Warning] min_sum_hessian_in_leaf is set=83, min_child_weight=0.001 will be ignored. Current value: min_sum_hessian_in_leaf=83
[LightGBM] [Warning] bagging_fraction is set=0.9176831033478648, subsample=0.9 will be ignored. Current value: bagging_fraction=0.9176831033478648
[I 2021-08-29 15:13:36,546] Trial 10 finished with value: 0.758957654723127 and parameters: {'num_leaves': 54, 'learning_rate': 0.06492650467193466, 'feature_fraction': 0.6518748881473749, 'bagging_fraction': 0.9176831033478648, 'max_depth': 10, 'max_bin': 22, 'min_sum_hessian_in_leaf': 83, 'subsample': 0.9}. Best is trial 2 with value: 0.7657512116316639.
[LightGBM] [Warning] min_sum_hessian_in_leaf is set=92, min_child_weight=0.001 will be ignored. Current value: min_sum_hessian_in_leaf=92
[LightGBM] [Warning] bagging_fraction is set=0.9260826714084952, subsample=0.9 will be ignored. Current value: bagging_fraction=0.9260826714084952
[I 2021-08-29 15:13:37,494] Trial 11 finished with value: 0.7495908346972177 and parameters: {'num_leaves': 56, 'learning_rate': 0.07841982765688485, 'feature_fraction': 0.644840758417839, 'bagging_fraction': 0.9260826714084952, 'max_depth': 11, 'max_bin': 23, 'min_sum_hessian_in_leaf': 92, 'subsample': 0.9}. Best is trial 2 with value: 0.7657512116316639.
[LightGBM] [Warning] min_sum_hessian_in_leaf is set=73, min_child_weight=0.001 will be ignored. Current value: min_sum_hessian_in_leaf=73
[LightGBM] [Warning] bagging_fraction is set=0.9992883007537354, subsample=0.8 will be ignored. Current value: bagging_fraction=0.9992883007537354
[I 2021-08-29 15:13:38,479] Trial 12 finished with value: 0.7573770491803279 and parameters: {'num_leaves': 50, 'learning_rate': 0.07344156136207484, 'feature_fraction': 0.683660794026716, 'bagging_fraction': 0.9992883007537354, 'max_depth': 12, 'max_bin': 20, 'min_sum_hessian_in_leaf': 73, 'subsample': 0.8}. Best is trial 2 with value: 0.7657512116316639.
[LightGBM] [Warning] min_sum_hessian_in_leaf is set=26, min_child_weight=0.001 will be ignored. Current value: min_sum_hessian_in_leaf=26
[LightGBM] [Warning] bagging_fraction is set=0.9155421258700062, subsample=0.9 will be ignored. Current value: bagging_fraction=0.9155421258700062
[I 2021-08-29 15:13:39,619] Trial 13 finished with value: 0.7611464968152866 and parameters: {'num_leaves': 42, 'learning_rate': 0.015399481072939683, 'feature_fraction': 0.5507990551398749, 'bagging_fraction': 0.9155421258700062, 'max_depth': 19, 'max_bin': 42, 'min_sum_hessian_in_leaf': 26, 'subsample': 0.9}. Best is trial 2 with value: 0.7657512116316639.
[LightGBM] [Warning] min_sum_hessian_in_leaf is set=27, min_child_weight=0.001 will be ignored. Current value: min_sum_hessian_in_leaf=27
[LightGBM] [Warning] bagging_fraction is set=0.9030449737181462, subsample=0.8 will be ignored. Current value: bagging_fraction=0.9030449737181462
[I 2021-08-29 15:13:41,020] Trial 14 finished with value: 0.7641509433962265 and parameters: {'num_leaves': 38, 'learning_rate': 0.010057410240330938, 'feature_fraction': 0.45501237462430666, 'bagging_fraction': 0.9030449737181462, 'max_depth': 19, 'max_bin': 46, 'min_sum_hessian_in_leaf': 27, 'subsample': 0.8}. Best is trial 2 with value: 0.7657512116316639.
[LightGBM] [Warning] min_sum_hessian_in_leaf is set=28, min_child_weight=0.001 will be ignored. Current value: min_sum_hessian_in_leaf=28
[LightGBM] [Warning] bagging_fraction is set=0.8866610324077955, subsample=0.8 will be ignored. Current value: bagging_fraction=0.8866610324077955
[I 2021-08-29 15:13:42,494] Trial 15 finished with value: 0.6987399770904925 and parameters: {'num_leaves': 33, 'learning_rate': 3.165187363125509e-05, 'feature_fraction': 0.3947599147907539, 'bagging_fraction': 0.8866610324077955, 'max_depth': 20, 'max_bin': 48, 'min_sum_hessian_in_leaf': 28, 'subsample': 0.8}. Best is trial 2 with value: 0.7657512116316639.
[LightGBM] [Warning] min_sum_hessian_in_leaf is set=30, min_child_weight=0.001 will be ignored. Current value: min_sum_hessian_in_leaf=30
[LightGBM] [Warning] bagging_fraction is set=0.9439719232513583, subsample=0.8 will be ignored. Current value: bagging_fraction=0.9439719232513583
[I 2021-08-29 15:13:43,555] Trial 16 finished with value: 0.7596899224806202 and parameters: {'num_leaves': 25, 'learning_rate': 0.0046055876713814526, 'feature_fraction': 0.7822799745224165, 'bagging_fraction': 0.9439719232513583, 'max_depth': 14, 'max_bin': 34, 'min_sum_hessian_in_leaf': 30, 'subsample': 0.8}. Best is trial 2 with value: 0.7657512116316639.
[LightGBM] [Warning] min_sum_hessian_in_leaf is set=61, min_child_weight=0.001 will be ignored. Current value: min_sum_hessian_in_leaf=61
[LightGBM] [Warning] bagging_fraction is set=0.9997167360753144, subsample=1.0 will be ignored. Current value: bagging_fraction=0.9997167360753144
[I 2021-08-29 15:13:44,652] Trial 17 finished with value: 0.7564935064935064 and parameters: {'num_leaves': 35, 'learning_rate': 0.016173480963356756, 'feature_fraction': 0.3694567734331054, 'bagging_fraction': 0.9997167360753144, 'max_depth': 26, 'max_bin': 51, 'min_sum_hessian_in_leaf': 61, 'subsample': 1.0}. Best is trial 2 with value: 0.7657512116316639.
[LightGBM] [Warning] min_sum_hessian_in_leaf is set=18, min_child_weight=0.001 will be ignored. Current value: min_sum_hessian_in_leaf=18
[LightGBM] [Warning] bagging_fraction is set=0.8925336877552473, subsample=0.7 will be ignored. Current value: bagging_fraction=0.8925336877552473
[I 2021-08-29 15:13:46,427] Trial 18 finished with value: 0.6987399770904925 and parameters: {'num_leaves': 46, 'learning_rate': 8.522166569283567e-05, 'feature_fraction': 0.8933991427999055, 'bagging_fraction': 0.8925336877552473, 'max_depth': 18, 'max_bin': 88, 'min_sum_hessian_in_leaf': 18, 'subsample': 0.7}. Best is trial 2 with value: 0.7657512116316639.
[LightGBM] [Warning] min_sum_hessian_in_leaf is set=39, min_child_weight=0.001 will be ignored. Current value: min_sum_hessian_in_leaf=39
[LightGBM] [Warning] bagging_fraction is set=0.9375659640898677, subsample=0.8 will be ignored. Current value: bagging_fraction=0.9375659640898677
[I 2021-08-29 15:13:47,512] Trial 19 finished with value: 0.7513513513513513 and parameters: {'num_leaves': 28, 'learning_rate': 0.0012071555365349615, 'feature_fraction': 0.5138220159276121, 'bagging_fraction': 0.9375659640898677, 'max_depth': 5, 'max_bin': 31, 'min_sum_hessian_in_leaf': 39, 'subsample': 0.8}. Best is trial 2 with value: 0.7657512116316639.
[LightGBM] [Warning] min_sum_hessian_in_leaf is set=17, min_child_weight=0.001 will be ignored. Current value: min_sum_hessian_in_leaf=17
[LightGBM] [Warning] bagging_fraction is set=0.9686853781470826, subsample=0.6 will be ignored. Current value: bagging_fraction=0.9686853781470826
[I 2021-08-29 15:13:49,122] Trial 20 finished with value: 0.7520259319286873 and parameters: {'num_leaves': 38, 'learning_rate': 0.025437799153533874, 'feature_fraction': 0.7400898463975296, 'bagging_fraction': 0.9686853781470826, 'max_depth': 13, 'max_bin': 50, 'min_sum_hessian_in_leaf': 17, 'subsample': 0.6}. Best is trial 2 with value: 0.7657512116316639.
[LightGBM] [Warning] min_sum_hessian_in_leaf is set=28, min_child_weight=0.001 will be ignored. Current value: min_sum_hessian_in_leaf=28
[LightGBM] [Warning] bagging_fraction is set=0.9084773859403638, subsample=0.9 will be ignored. Current value: bagging_fraction=0.9084773859403638
[I 2021-08-29 15:13:50,281] Trial 21 finished with value: 0.7625 and parameters: {'num_leaves': 43, 'learning_rate': 0.007773114120870652, 'feature_fraction': 0.5422211609174707, 'bagging_fraction': 0.9084773859403638, 'max_depth': 19, 'max_bin': 43, 'min_sum_hessian_in_leaf': 28, 'subsample': 0.9}. Best is trial 2 with value: 0.7657512116316639.
[LightGBM] [Warning] min_sum_hessian_in_leaf is set=35, min_child_weight=0.001 will be ignored. Current value: min_sum_hessian_in_leaf=35
[LightGBM] [Warning] bagging_fraction is set=0.9140721497736852, subsample=0.9 will be ignored. Current value: bagging_fraction=0.9140721497736852
[I 2021-08-29 15:13:51,466] Trial 22 finished with value: 0.75625 and parameters: {'num_leaves': 45, 'learning_rate': 0.005223336897676503, 'feature_fraction': 0.5757792328025727, 'bagging_fraction': 0.9140721497736852, 'max_depth': 17, 'max_bin': 33, 'min_sum_hessian_in_leaf': 35, 'subsample': 0.9}. Best is trial 2 with value: 0.7657512116316639.
[LightGBM] [Warning] min_sum_hessian_in_leaf is set=49, min_child_weight=0.001 will be ignored. Current value: min_sum_hessian_in_leaf=49
[LightGBM] [Warning] bagging_fraction is set=0.868139471627154, subsample=1.0 will be ignored. Current value: bagging_fraction=0.868139471627154
[I 2021-08-29 15:13:52,520] Trial 23 finished with value: 0.761437908496732 and parameters: {'num_leaves': 52, 'learning_rate': 0.03549398767540527, 'feature_fraction': 0.45221882886156467, 'bagging_fraction': 0.868139471627154, 'max_depth': 21, 'max_bin': 46, 'min_sum_hessian_in_leaf': 49, 'subsample': 1.0}. Best is trial 2 with value: 0.7657512116316639.
[LightGBM] [Warning] min_sum_hessian_in_leaf is set=23, min_child_weight=0.001 will be ignored. Current value: min_sum_hessian_in_leaf=23
[LightGBM] [Warning] bagging_fraction is set=0.8990063322575063, subsample=0.8 will be ignored. Current value: bagging_fraction=0.8990063322575063
[I 2021-08-29 15:13:53,962] Trial 24 finished with value: 0.7616099071207431 and parameters: {'num_leaves': 37, 'learning_rate': 0.005267348451270349, 'feature_fraction': 0.31361726631013287, 'bagging_fraction': 0.8990063322575063, 'max_depth': 24, 'max_bin': 55, 'min_sum_hessian_in_leaf': 23, 'subsample': 0.8}. Best is trial 2 with value: 0.7657512116316639.
[LightGBM] [Warning] min_sum_hessian_in_leaf is set=9, min_child_weight=0.001 will be ignored. Current value: min_sum_hessian_in_leaf=9
[LightGBM] [Warning] bagging_fraction is set=0.978944274458844, subsample=0.7 will be ignored. Current value: bagging_fraction=0.978944274458844
[I 2021-08-29 15:13:55,583] Trial 25 finished with value: 0.6987399770904925 and parameters: {'num_leaves': 31, 'learning_rate': 1.1104163902350207e-06, 'feature_fraction': 0.729142028834732, 'bagging_fraction': 0.978944274458844, 'max_depth': 18, 'max_bin': 37, 'min_sum_hessian_in_leaf': 9, 'subsample': 0.7}. Best is trial 2 with value: 0.7657512116316639.
[LightGBM] [Warning] min_sum_hessian_in_leaf is set=33, min_child_weight=0.001 will be ignored. Current value: min_sum_hessian_in_leaf=33
[LightGBM] [Warning] bagging_fraction is set=0.9311345048101911, subsample=0.9 will be ignored. Current value: bagging_fraction=0.9311345048101911
[I 2021-08-29 15:13:56,830] Trial 26 finished with value: 0.7694566813509546 and parameters: {'num_leaves': 43, 'learning_rate': 0.0021157737729935403, 'feature_fraction': 0.5112840682519162, 'bagging_fraction': 0.9311345048101911, 'max_depth': 16, 'max_bin': 54, 'min_sum_hessian_in_leaf': 33, 'subsample': 0.9}. Best is trial 26 with value: 0.7694566813509546.
[LightGBM] [Warning] min_sum_hessian_in_leaf is set=59, min_child_weight=0.001 will be ignored. Current value: min_sum_hessian_in_leaf=59
[LightGBM] [Warning] bagging_fraction is set=0.93464483434618, subsample=0.8 will be ignored. Current value: bagging_fraction=0.93464483434618
[I 2021-08-29 15:13:57,767] Trial 27 finished with value: 0.7398692810457516 and parameters: {'num_leaves': 50, 'learning_rate': 0.0016267832218119743, 'feature_fraction': 0.47576353155266743, 'bagging_fraction': 0.93464483434618, 'max_depth': 15, 'max_bin': 54, 'min_sum_hessian_in_leaf': 59, 'subsample': 0.8}. Best is trial 26 with value: 0.7694566813509546.
[LightGBM] [Warning] min_sum_hessian_in_leaf is set=43, min_child_weight=0.001 will be ignored. Current value: min_sum_hessian_in_leaf=43
[LightGBM] [Warning] bagging_fraction is set=0.9535282610597533, subsample=1.0 will be ignored. Current value: bagging_fraction=0.9535282610597533
[I 2021-08-29 15:13:58,869] Trial 28 finished with value: 0.6987399770904925 and parameters: {'num_leaves': 58, 'learning_rate': 0.00015346818879167308, 'feature_fraction': 0.3896756611204963, 'bagging_fraction': 0.9535282610597533, 'max_depth': 25, 'max_bin': 61, 'min_sum_hessian_in_leaf': 43, 'subsample': 1.0}. Best is trial 26 with value: 0.7694566813509546.
[LightGBM] [Warning] min_sum_hessian_in_leaf is set=35, min_child_weight=0.001 will be ignored. Current value: min_sum_hessian_in_leaf=35
[LightGBM] [Warning] bagging_fraction is set=0.9809991115974672, subsample=0.9 will be ignored. Current value: bagging_fraction=0.9809991115974672
[I 2021-08-29 15:14:00,006] Trial 29 finished with value: 0.7653958944281525 and parameters: {'num_leaves': 32, 'learning_rate': 0.0025239588602647134, 'feature_fraction': 0.5771957218492754, 'bagging_fraction': 0.9809991115974672, 'max_depth': 27, 'max_bin': 38, 'min_sum_hessian_in_leaf': 35, 'subsample': 0.9}. Best is trial 26 with value: 0.7694566813509546.
[LightGBM] [Warning] min_sum_hessian_in_leaf is set=72, min_child_weight=0.001 will be ignored. Current value: min_sum_hessian_in_leaf=72
[LightGBM] [Warning] bagging_fraction is set=0.9827546519534286, subsample=0.9 will be ignored. Current value: bagging_fraction=0.9827546519534286
[I 2021-08-29 15:14:01,004] Trial 30 finished with value: 0.7376623376623375 and parameters: {'num_leaves': 29, 'learning_rate': 0.000676115109714417, 'feature_fraction': 0.5929454270790446, 'bagging_fraction': 0.9827546519534286, 'max_depth': 28, 'max_bin': 27, 'min_sum_hessian_in_leaf': 72, 'subsample': 0.9}. Best is trial 26 with value: 0.7694566813509546.
[LightGBM] [Warning] min_sum_hessian_in_leaf is set=34, min_child_weight=0.001 will be ignored. Current value: min_sum_hessian_in_leaf=34
[LightGBM] [Warning] bagging_fraction is set=0.9676221829367463, subsample=0.8 will be ignored. Current value: bagging_fraction=0.9676221829367463
