[I 2021-08-29 18:12:53,462] Trial 82 finished with value: 0.7667210440456771 and parameters: {'n_estimators': 3636, 'max_depth': 5, 'learning_rate': 0.01116045783284322, 'subsample': 0.8, 'min_samples_split': 310}. Best is trial 39 with value: 0.7917329093799682.
[I 2021-08-29 18:13:34,088] Trial 83 finished with value: 0.7544715447154471 and parameters: {'n_estimators': 2602, 'max_depth': 6, 'learning_rate': 0.01675861672379476, 'subsample': 0.8, 'min_samples_split': 390}. Best is trial 39 with value: 0.7917329093799682.
[I 2021-08-29 18:13:52,359] Trial 84 finished with value: 0.7659574468085106 and parameters: {'n_estimators': 1762, 'max_depth': 4, 'learning_rate': 0.04573344206553091, 'subsample': 0.7, 'min_samples_split': 690}. Best is trial 39 with value: 0.7917329093799682.
[I 2021-08-29 18:14:23,362] Trial 85 finished with value: 0.7645161290322581 and parameters: {'n_estimators': 3342, 'max_depth': 2, 'learning_rate': 0.03195273831154341, 'subsample': 0.9, 'min_samples_split': 940}. Best is trial 39 with value: 0.7917329093799682.
[I 2021-08-29 18:14:55,190] Trial 86 finished with value: 0.7699836867862969 and parameters: {'n_estimators': 2392, 'max_depth': 4, 'learning_rate': 0.01997393658432903, 'subsample': 0.8, 'min_samples_split': 260}. Best is trial 39 with value: 0.7917329093799682.
[I 2021-08-29 18:17:13,693] Trial 87 finished with value: 0.7788461538461539 and parameters: {'n_estimators': 1359, 'max_depth': 5, 'learning_rate': 0.004632350657819222, 'subsample': 0.9, 'min_samples_split': 350}. Best is trial 39 with value: 0.7917329093799682.
[I 2021-08-29 18:19:13,870] Trial 88 finished with value: 0.7776 and parameters: {'n_estimators': 1167, 'max_depth': 5, 'learning_rate': 0.004277729714718908, 'subsample': 0.9, 'min_samples_split': 280}. Best is trial 39 with value: 0.7917329093799682.