[I 2021-08-29 16:18:53,191] Trial 75 finished with value: 0.7941653160453808 and parameters: {'n_estimators': 3544, 'max_depth': 3, 'learning_rate': 0.06995337294573421, 'min_child_weight': 3, 'subsample': 1.0, 'colsample_bytree': 0.5}. Best is trial 61 with value: 0.7954545454545454.
[I 2021-08-29 16:19:07,436] Trial 76 finished with value: 0.7766990291262136 and parameters: {'n_estimators': 3269, 'max_depth': 3, 'learning_rate': 0.06533283468311629, 'min_child_weight': 3, 'subsample': 1.0, 'colsample_bytree': 0.6}. Best is trial 61 with value: 0.7954545454545454.
[I 2021-08-29 16:19:28,695] Trial 77 finished with value: 0.7662337662337662 and parameters: {'n_estimators': 3512, 'max_depth': 3, 'learning_rate': 0.0272865722966683, 'min_child_weight': 3, 'subsample': 1.0, 'colsample_bytree': 0.5}. Best is trial 61 with value: 0.7954545454545454.
[I 2021-08-29 16:20:39,298] Trial 78 finished with value: 0.7684887459807075 and parameters: {'n_estimators': 3081, 'max_depth': 1, 'learning_rate': 0.016501186280871306, 'min_child_weight': 3, 'subsample': 1.0, 'colsample_bytree': 0.5}. Best is trial 61 with value: 0.7954545454545454.
[I 2021-08-29 16:20:44,344] Trial 79 finished with value: 0.7500000000000001 and parameters: {'n_estimators': 3607, 'max_depth': 3, 'learning_rate': 4.6299456614971526e-05, 'min_child_weight': 3, 'subsample': 1.0, 'colsample_bytree': 0.5}. Best is trial 61 with value: 0.7954545454545454.
[I 2021-08-29 16:21:15,165] Trial 80 finished with value: 0.782608695652174 and parameters: {'n_estimators': 4128, 'max_depth': 2, 'learning_rate': 0.04564642845750385, 'min_child_weight': 3, 'subsample': 1.0, 'colsample_bytree': 0.5}. Best is trial 61 with value: 0.7954545454545454.
[I 2021-08-29 16:21:26,675] Trial 81 finished with value: 0.7779578606158833 and parameters: {'n_estimators': 3997, 'max_depth': 4, 'learning_rate': 0.07220070343264459, 'min_child_weight': 3, 'subsample': 0.9, 'colsample_bytree': 0.5}. Best is trial 61 with value: 0.7954545454545454.
[I 2021-08-29 16:21:44,441] Trial 82 finished with value: 0.7749196141479099 and parameters: {'n_estimators': 3324, 'max_depth': 3, 'learning_rate': 0.03246828628954816, 'min_child_weight': 3, 'subsample': 1.0, 'colsample_bytree': 0.5}. Best is trial 61 with value: 0.7954545454545454.
[I 2021-08-29 16:22:00,372] Trial 83 finished with value: 0.7739837398373984 and parameters: {'n_estimators': 3719, 'max_depth': 2, 'learning_rate': 0.05346029145191486, 'min_child_weight': 3, 'subsample': 0.9, 'colsample_bytree': 0.5}. Best is trial 61 with value: 0.7954545454545454.
[I 2021-08-29 16:22:19,033] Trial 84 finished with value: 0.7649918962722851 and parameters: {'n_estimators': 3855, 'max_depth': 4, 'learning_rate': 0.07601923656889648, 'min_child_weight': 5, 'subsample': 1.0, 'colsample_bytree': 0.5}. Best is trial 61 with value: 0.7954545454545454.
[I 2021-08-29 16:22:40,821] Trial 85 finished with value: 0.7588424437299037 and parameters: {'n_estimators': 3486, 'max_depth': 1, 'learning_rate': 0.04055127981587119, 'min_child_weight': 7, 'subsample': 1.0, 'colsample_bytree': 0.6}. Best is trial 61 with value: 0.7954545454545454.
[I 2021-08-29 16:22:50,541] Trial 86 finished with value: 0.775974025974026 and parameters: {'n_estimators': 4332, 'max_depth': 3, 'learning_rate': 0.0958748880591037, 'min_child_weight': 3, 'subsample': 0.9, 'colsample_bytree': 0.5}. Best is trial 61 with value: 0.7954545454545454.
[I 2021-08-29 16:22:59,120] Trial 87 finished with value: 0.7833065810593901 and parameters: {'n_estimators': 4118, 'max_depth': 5, 'learning_rate': 0.06590094234662337, 'min_child_weight': 3, 'subsample': 1.0, 'colsample_bytree': 0.5}. Best is trial 61 with value: 0.7954545454545454.
[I 2021-08-29 16:23:02,791] Trial 88 finished with value: 0.7543581616481775 and parameters: {'n_estimators': 2597, 'max_depth': 4, 'learning_rate': 0.00024105470672456815, 'min_child_weight': 5, 'subsample': 1.0, 'colsample_bytree': 0.6}. Best is trial 61 with value: 0.7954545454545454.
[I 2021-08-29 16:23:25,029] Trial 89 finished with value: 0.7756410256410255 and parameters: {'n_estimators': 3578, 'max_depth': 2, 'learning_rate': 0.020405927695388664, 'min_child_weight': 3, 'subsample': 1.0, 'colsample_bytree': 0.5}. Best is trial 61 with value: 0.7954545454545454.
[I 2021-08-29 16:23:34,349] Trial 90 finished with value: 0.7642276422764228 and parameters: {'n_estimators': 3198, 'max_depth': 4, 'learning_rate': 0.05308635884159902, 'min_child_weight': 3, 'subsample': 0.9, 'colsample_bytree': 0.5}. Best is trial 61 with value: 0.7954545454545454.
[I 2021-08-29 16:23:56,807] Trial 91 finished with value: 0.7877813504823152 and parameters: {'n_estimators': 3134, 'max_depth': 2, 'learning_rate': 0.054354955920023894, 'min_child_weight': 3, 'subsample': 1.0, 'colsample_bytree': 0.5}. Best is trial 61 with value: 0.7954545454545454.
[I 2021-08-29 16:24:22,886] Trial 92 finished with value: 0.7774193548387096 and parameters: {'n_estimators': 3029, 'max_depth': 2, 'learning_rate': 0.03814932067152856, 'min_child_weight': 3, 'subsample': 1.0, 'colsample_bytree': 0.5}. Best is trial 61 with value: 0.7954545454545454.
[I 2021-08-29 16:24:43,856] Trial 93 finished with value: 0.7858293075684382 and parameters: {'n_estimators': 2742, 'max_depth': 2, 'learning_rate': 0.07439738665364715, 'min_child_weight': 3, 'subsample': 1.0, 'colsample_bytree': 0.5}. Best is trial 61 with value: 0.7954545454545454.
[I 2021-08-29 16:25:08,896] Trial 94 finished with value: 0.7772357723577236 and parameters: {'n_estimators': 2732, 'max_depth': 2, 'learning_rate': 0.03084986253325612, 'min_child_weight': 3, 'subsample': 1.0, 'colsample_bytree': 0.5}. Best is trial 61 with value: 0.7954545454545454.
[I 2021-08-29 16:25:27,151] Trial 95 finished with value: 0.7645161290322581 and parameters: {'n_estimators': 2554, 'max_depth': 1, 'learning_rate': 0.07027581934555417, 'min_child_weight': 3, 'subsample': 1.0, 'colsample_bytree': 0.5}. Best is trial 61 with value: 0.7954545454545454.
[I 2021-08-29 16:25:41,406] Trial 96 finished with value: 0.7739837398373984 and parameters: {'n_estimators': 3213, 'max_depth': 2, 'learning_rate': 0.050733305541845145, 'min_child_weight': 3, 'subsample': 1.0, 'colsample_bytree': 0.5}. Best is trial 61 with value: 0.7954545454545454.
[I 2021-08-29 16:25:48,079] Trial 97 finished with value: 0.7724358974358975 and parameters: {'n_estimators': 2411, 'max_depth': 3, 'learning_rate': 0.07992576933961584, 'min_child_weight': 3, 'subsample': 1.0, 'colsample_bytree': 0.5}. Best is trial 61 with value: 0.7954545454545454.
[I 2021-08-29 16:26:21,519] Trial 98 finished with value: 0.7677419354838709 and parameters: {'n_estimators': 2209, 'max_depth': 1, 'learning_rate': 0.03861952366774834, 'min_child_weight': 3, 'subsample': 1.0, 'colsample_bytree': 0.6}. Best is trial 61 with value: 0.7954545454545454.
[I 2021-08-29 16:26:25,465] Trial 99 finished with value: 0.7386541471048513 and parameters: {'n_estimators': 2854, 'max_depth': 2, 'learning_rate': 0.010914422259164893, 'min_child_weight': 3, 'subsample': 1.0, 'colsample_bytree': 0.5}. Best is trial 61 with value: 0.7954545454545454.